<?xml version="1.0" encoding="UTF-8"?>
<testsuite xmlns:xsi="http://www.w3.org/2001/XMLSchema-instance" xsi:noNamespaceSchemaLocation="https://maven.apache.org/surefire/maven-surefire-plugin/xsd/surefire-test-report.xsd" name="com.stackroute.maverick.QGControllerTest" time="4.984" tests="4" errors="0" skipped="0" failures="0">
  <properties>
[...]
</properties>
  <testcase name="testAddCategory" classname="com.stackroute.maverick.QGControllerTest" time="0.126"/>
  <testcase name="testGetAllCategories" classname="com.stackroute.maverick.QGControllerTest" time="0.046"/>
  <testcase name="testFindByCategoryId" classname="com.stackroute.maverick.QGControllerTest" time="0.025"/>
  <testcase name="testFindByCategoryName" classname="com.stackroute.maverick.QGControllerTest" time="0.006"/>
</testsuite>